[    0.000000] Linux version 4.15.0-65-generic (buildd@lgw01-amd64-006) (gcc version 7.4.0 (Ubuntu 7.4.0-1ubuntu1~18.04.1)) #74-Ubuntu SMP Tue Sep 17 17:06:04 UTC 2019 (Ubuntu 4.15.0-65.74-generic 4.15.18)
[    0.000000] Command line: BOOT_IMAGE=/boot/vmlinuz-4.15.0-65-generic root=LABEL=cloudimg-rootfs ro console=tty1 console=ttyS0
[    0.000000] KERNEL supported cpus:
[    0.000000]   Intel GenuineIntel
[    0.000000]   AMD AuthenticAMD
[    0.000000]   Centaur CentaurHauls
[    0.000000] x86/fpu: Supporting XSAVE feature 0x001: 'x87 floating point registers'
[    0.000000] x86/fpu: Supporting XSAVE feature 0x002: 'SSE registers'
[    0.000000] x86/fpu: Supporting XSAVE feature 0x004: 'AVX registers'
[    0.000000] x86/fpu: xstate_offset[2]:  576, xstate_sizes[2]:  256
[    0.000000] x86/fpu: Enabled xstate features 0x7, context size is 832 bytes, using 'standard' format.
[    0.000000] e820: BIOS-provided physical RAM map:
[    0.000000] BIOS-e820: [mem 0x0000000000000000-0x000000000009fbff] usable
[    0.000000] BIOS-e820: [mem 0x000000000009fc00-0x000000000009ffff] reserved
[    0.000000] BIOS-e820: [mem 0x00000000000f0000-0x00000000000fffff] reserved
[    0.000000] BIOS-e820: [mem 0x0000000000100000-0x000000007ffeffff] usable
[    0.000000] BIOS-e820: [mem 0x000000007fff0000-0x000000007fffffff] ACPI data
[    0.000000] BIOS-e820: [mem 0x00000000fec00000-0x00000000fec00fff] reserved
[    0.000000] BIOS-e820: [mem 0x00000000fee00000-0x00000000fee00fff] reserved
[    0.000000] BIOS-e820: [mem 0x00000000fffc0000-0x00000000ffffffff] reserved
[    0.000000] NX (Execute Disable) protection: active
[    0.000000] SMBIOS 2.5 present.
[    0.000000] DMI: innotek GmbH VirtualBox/VirtualBox, BIOS VirtualBox 12/01/2006
[    0.000000] Hypervisor detected: KVM
[    0.000000] e820: last_pfn = 0x7fff0 max_arch_pfn = 0x400000000
[    0.000000] MTRR: Disabled
[    0.000000] x86/PAT: MTRRs disabled, skipping PAT initialization too.
[    0.000000] CPU MTRRs all blank - virtualized system.
[    0.000000] x86/PAT: Configuration [0-7]: WB  WT  UC- UC  WB  WT  UC- UC  
[    0.000000] found SMP MP-table at [mem 0x0009fff0-0x0009ffff]
[    0.000000] Scanning 1 areas for low memory corruption
[    0.000000] RAMDISK: [mem 0x35a8b000-0x36d3cfff]
[    0.000000] ACPI: Early table checksum verification disabled
[    0.000000] ACPI: RSDP 0x00000000000E0000 000024 (v02 VBOX  )
[    0.000000] ACPI: XSDT 0x000000007FFF0030 00003C (v01 VBOX   VBOXXSDT 00000001 ASL  00000061)
[    0.000000] ACPI: FACP 0x000000007FFF00F0 0000F4 (v04 VBOX   VBOXFACP 00000001 ASL  00000061)
[    0.000000] ACPI: DSDT 0x000000007FFF0470 0022EA (v02 VBOX   VBOXBIOS 00000002 INTL 20100528)
[    0.000000] ACPI: FACS 0x000000007FFF0200 000040
[    0.000000] ACPI: FACS 0x000000007FFF0200 000040
[    0.000000] ACPI: APIC 0x000000007FFF0240 00005C (v02 VBOX   VBOXAPIC 00000001 ASL  00000061)
[    0.000000] ACPI: SSDT 0x000000007FFF02A0 0001CC (v01 VBOX   VBOXCPUT 00000002 INTL 20100528)
[    0.000000] No NUMA configuration found
[    0.000000] Faking a node at [mem 0x0000000000000000-0x000000007ffeffff]
[    0.000000] NODE_DATA(0) allocated [mem 0x7ffc5000-0x7ffeffff]
[    0.000000] kvm-clock: cpu 0, msr 0:7ff44001, primary cpu clock
[    0.000000] kvm-clock: Using msrs 4b564d01 and 4b564d00
[    0.000000] kvm-clock: using sched offset of 3597111896 cycles
[    0.000000] clocksource: kvm-clock: mask: 0xffffffffffffffff max_cycles: 0x1cd42e4dffb, max_idle_ns: 881590591483 ns
[    0.000000] Zone ranges:
[    0.000000]   DMA      [mem 0x0000000000001000-0x0000000000ffffff]
[    0.000000]   DMA32    [mem 0x0000000001000000-0x000000007ffeffff]
[    0.000000]   Normal   empty
[    0.000000]   Device   empty
[    0.000000] Movable zone start for each node
[    0.000000] Early memory node ranges
[    0.000000]   node   0: [mem 0x0000000000001000-0x000000000009efff]
[    0.000000]   node   0: [mem 0x0000000000100000-0x000000007ffeffff]
[    0.000000] Reserved but unavailable: 98 pages
[    0.000000] Initmem setup node 0 [mem 0x0000000000001000-0x000000007ffeffff]
[    0.000000] ACPI: PM-Timer IO Port: 0x4008
[    0.000000] IOAPIC[0]: apic_id 2, version 32, address 0xfec00000, GSI 0-23
[    0.000000] ACPI: INT_SRC_OVR (bus 0 bus_irq 0 global_irq 2 dfl dfl)
[    0.000000] ACPI: INT_SRC_OVR (bus 0 bus_irq 9 global_irq 9 low level)
[    0.000000] Using ACPI (MADT) for SMP configuration information
[    0.000000] smpboot: Allowing 2 CPUs, 0 hotplug CPUs
[    0.000000] PM: Registered nosave memory: [mem 0x00000000-0x00000fff]
[    0.000000] PM: Registered nosave memory: [mem 0x0009f000-0x0009ffff]
[    0.000000] PM: Registered nosave memory: [mem 0x000a0000-0x000effff]
[    0.000000] PM: Registered nosave memory: [mem 0x000f0000-0x000fffff]
[    0.000000] e820: [mem 0x80000000-0xfebfffff] available for PCI devices
[    0.000000] Booting paravirtualized kernel on KVM
[    0.000000] clocksource: refined-jiffies: mask: 0xffffffff max_cycles: 0xffffffff, max_idle_ns: 7645519600211568 ns
[    0.000000] random: get_random_bytes called from start_kernel+0x99/0x4fd with crng_init=0
[    0.000000] setup_percpu: NR_CPUS:8192 nr_cpumask_bits:2 nr_cpu_ids:2 nr_node_ids:1
[    0.000000] percpu: Embedded 46 pages/cpu s151552 r8192 d28672 u1048576
[    0.000000] PV qspinlock hash table entries: 256 (order: 0, 4096 bytes)
[    0.000000] Built 1 zonelists, mobility grouping on.  Total pages: 515961
[    0.000000] Policy zone: DMA32
[    0.000000] Kernel command line: BOOT_IMAGE=/boot/vmlinuz-4.15.0-65-generic root=LABEL=cloudimg-rootfs ro console=tty1 console=ttyS0
[    0.000000] Memory: 2015628K/2096696K available (12300K kernel code, 2481K rwdata, 4256K rodata, 2436K init, 2388K bss, 81068K reserved, 0K cma-reserved)
[    0.000000] SLUB: HWalign=64, Order=0-3, MinObjects=0, CPUs=2, Nodes=1
[    0.000000] Kernel/User page tables isolation: enabled
[    0.000000] ftrace: allocating 39301 entries in 154 pages
[    0.004000] Hierarchical RCU implementation.
[    0.004000] 	RCU restricting CPUs from NR_CPUS=8192 to nr_cpu_ids=2.
[    0.004000] 	Tasks RCU enabled.
[    0.004000] RCU: Adjusting geometry for rcu_fanout_leaf=16, nr_cpu_ids=2
[    0.004000] NR_IRQS: 524544, nr_irqs: 440, preallocated irqs: 16
[    0.004000] Console: colour VGA+ 80x25
[    0.004000] console [tty1] enabled
[    0.004000] console [ttyS0] enabled
[    0.004000] ACPI: Core revision 20170831
[    0.004000] ACPI: 2 ACPI AML tables successfully acquired and loaded
[    0.004000] APIC: Switch to symmetric I/O mode setup
[    0.004000] x2apic enabled
[    0.004000] Switched APIC routing to physical x2apic.
[    0.004000] ..TIMER: vector=0x30 apic1=0 pin1=2 apic2=-1 pin2=-1
[    0.004003] tsc: Detected 2400.000 MHz processor
[    0.005203] Calibrating delay loop (skipped) preset value.. 4800.00 BogoMIPS (lpj=9600000)
[    0.008003] pid_max: default: 32768 minimum: 301
[    0.009780] Security Framework initialized
[    0.010918] Yama: becoming mindful.
[    0.012016] AppArmor: AppArmor initialized
[    0.014112] Dentry cache hash table entries: 262144 (order: 9, 2097152 bytes)
[    0.016000] Inode-cache hash table entries: 131072 (order: 8, 1048576 bytes)
[    0.016009] Mount-cache hash table entries: 4096 (order: 3, 32768 bytes)
[    0.020003] Mountpoint-cache hash table entries: 4096 (order: 3, 32768 bytes)
[    0.021437] Last level iTLB entries: 4KB 64, 2MB 8, 4MB 8
[    0.022560] Last level dTLB entries: 4KB 64, 2MB 0, 4MB 0, 1GB 4
[    0.023553] Spectre V1 : Mitigation: usercopy/swapgs barriers and __user pointer sanitization
[    0.024002] Spectre V2 : Mitigation: Full generic retpoline
[    0.025114] Spectre V2 : Spectre v2 / SpectreRSB mitigation: Filling RSB on context switch
[    0.028001] Speculative Store Bypass: Vulnerable
[    0.028819] MDS: Mitigation: Clear CPU buffers
[    0.029696] Freeing SMP alternatives memory: 36K
[    0.140103] smpboot: CPU0: Intel(R) Core(TM) i9-9980HK CPU @ 2.40GHz (family: 0x6, model: 0x9e, stepping: 0xd)
[    0.142584] Performance Events: unsupported p6 CPU model 158 no PMU driver, software events only.
[    0.144024] Hierarchical SRCU implementation.
[    0.145189] NMI watchdog: Perf event create on CPU 0 failed with -2
[    0.148001] NMI watchdog: Perf NMI watchdog permanently disabled
[    0.149171] smp: Bringing up secondary CPUs ...
[    0.150589] x86: Booting SMP configuration:
[    0.151619] .... node  #0, CPUs:      #1
[    0.004000] kvm-clock: cpu 1, msr 0:7ff44041, secondary cpu clock
[    0.155632] smp: Brought up 1 node, 2 CPUs
[    0.156003] smpboot: Max logical packages: 1
[    0.156840] smpboot: Total of 2 processors activated (9600.00 BogoMIPS)
[    0.158541] devtmpfs: initialized
[    0.158541] x86/mm: Memory block size: 128MB
[    0.160135] evm: security.selinux
[    0.160723] evm: security.SMACK64
[    0.161306] evm: security.SMACK64EXEC
[    0.161939] evm: security.SMACK64TRANSMUTE
[    0.162639] evm: security.SMACK64MMAP
[    0.164002] evm: security.apparmor
[    0.164604] evm: security.ima
[    0.165134] evm: security.capability
[    0.165780] clocksource: jiffies: mask: 0xffffffff max_cycles: 0xffffffff, max_idle_ns: 7645041785100000 ns
[    0.165780] futex hash table entries: 512 (order: 3, 32768 bytes)
[    0.168034] pinctrl core: initialized pinctrl subsystem
[    0.169703] RTC time:  0:36:17, date: 10/15/19
[    0.170585] NET: Registered protocol family 16
[    0.172046] audit: initializing netlink subsys (disabled)
[    0.173064] audit: type=2000 audit(1571099783.217:1): state=initialized audit_enabled=0 res=1
[    0.173549] cpuidle: using governor ladder
[    0.176008] cpuidle: using governor menu
[    0.176716] ACPI: bus type PCI registered
[    0.177989] acpiphp: ACPI Hot Plug PCI Controller Driver version: 0.5
[    0.179629] PCI: Using configuration type 1 for base access
[    0.181121] HugeTLB registered 2.00 MiB page size, pre-allocated 0 pages
[    0.184178] ACPI: Added _OSI(Module Device)
[    0.185297] ACPI: Added _OSI(Processor Device)
[    0.186121] ACPI: Added _OSI(3.0 _SCP Extensions)
[    0.186917] ACPI: Added _OSI(Processor Aggregator Device)
[    0.188002] ACPI: Added _OSI(Linux-Dell-Video)
[    0.188761] ACPI: Added _OSI(Linux-Lenovo-NV-HDMI-Audio)
[    0.189671] ACPI: Added _OSI(Linux-HPI-Hybrid-Graphics)
[    0.191123] ACPI: Executed 1 blocks of module-level executable AML code
[    0.194434] ACPI: Interpreter enabled
[    0.195205] ACPI: (supports S0 S5)
[    0.196002] ACPI: Using IOAPIC for interrupt routing
[    0.197417] PCI: Using host bridge windows from ACPI; if necessary, use "pci=nocrs" and report a bug
[    0.200168] ACPI: Enabled 2 GPEs in block 00 to 07
[    0.207412] ACPI: PCI Root Bridge [PCI0] (domain 0000 [bus 00-ff])
[    0.208005] acpi PNP0A03:00: _OSC: OS supports [ASPM ClockPM Segments MSI]
[    0.210039] acpi PNP0A03:00: _OSC: not requesting OS control; OS requires [ExtendedConfig ASPM ClockPM MSI]
[    0.212008] acpi PNP0A03:00: fail to add MMCONFIG information, can't access extended PCI configuration space under this bridge.
[    0.214469] PCI host bridge to bus 0000:00
[    0.216003] pci_bus 0000:00: root bus resource [io  0x0000-0x0cf7 window]
[    0.217172] pci_bus 0000:00: root bus resource [io  0x0d00-0xffff window]
[    0.218646] pci_bus 0000:00: root bus resource [mem 0x000a0000-0x000bffff window]
[    0.220003] pci_bus 0000:00: root bus resource [mem 0x80000000-0xfdffffff window]
[    0.221275] pci_bus 0000:00: root bus resource [bus 00-ff]
[    0.225466] pci 0000:00:01.1: legacy IDE quirk: reg 0x10: [io  0x01f0-0x01f7]
[    0.228002] pci 0000:00:01.1: legacy IDE quirk: reg 0x14: [io  0x03f6]
[    0.229969] pci 0000:00:01.1: legacy IDE quirk: reg 0x18: [io  0x0170-0x0177]
[    0.232000] pci 0000:00:01.1: legacy IDE quirk: reg 0x1c: [io  0x0376]
[    0.252384] pci 0000:00:07.0: quirk: [io  0x4000-0x403f] claimed by PIIX4 ACPI
[    0.254667] pci 0000:00:07.0: quirk: [io  0x4100-0x410f] claimed by PIIX4 SMB
[    0.265150] ACPI: PCI Interrupt Link [LNKA] (IRQs 5 9 10 *11)
[    0.266645] ACPI: PCI Interrupt Link [LNKB] (IRQs 5 9 *10 11)
[    0.267955] ACPI: PCI Interrupt Link [LNKC] (IRQs 5 *9 10 11)
[    0.268105] ACPI: PCI Interrupt Link [LNKD] (IRQs 5 9 10 *11)
[    0.269403] SCSI subsystem initialized
[    0.270279] pci 0000:00:02.0: vgaarb: setting as boot VGA device
[    0.270279] pci 0000:00:02.0: vgaarb: VGA device added: decodes=io+mem,owns=io+mem,locks=none
[    0.272007] pci 0000:00:02.0: vgaarb: bridge control possible
[    0.272998] vgaarb: loaded
[    0.273547] ACPI: bus type USB registered
[    0.276019] usbcore: registered new interface driver usbfs
[    0.276965] usbcore: registered new interface driver hub
[    0.277873] usbcore: registered new device driver usb
[    0.278913] EDAC MC: Ver: 3.0.0
[    0.280260] PCI: Using ACPI for IRQ routing
[    0.281798] NetLabel: Initializing
[    0.284002] NetLabel:  domain hash size = 128
[    0.285637] NetLabel:  protocols = UNLABELED CIPSOv4 CALIPSO
[    0.288019] NetLabel:  unlabeled traffic allowed by default
[    0.289930] clocksource: Switched to clocksource kvm-clock
[    0.307768] VFS: Disk quotas dquot_6.6.0
[    0.309299] VFS: Dquot-cache hash table entries: 512 (order 0, 4096 bytes)
[    0.311299] AppArmor: AppArmor Filesystem Enabled
[    0.312187] pnp: PnP ACPI init
[    0.314532] pnp: PnP ACPI: found 3 devices
[    0.323194] clocksource: acpi_pm: mask: 0xffffff max_cycles: 0xffffff, max_idle_ns: 2085701024 ns
[    0.325593] NET: Registered protocol family 2
[    0.326830] TCP established hash table entries: 16384 (order: 5, 131072 bytes)
[    0.328515] TCP bind hash table entries: 16384 (order: 6, 262144 bytes)
[    0.329639] TCP: Hash tables configured (established 16384 bind 16384)
[    0.331877] UDP hash table entries: 1024 (order: 3, 32768 bytes)
[    0.333079] UDP-Lite hash table entries: 1024 (order: 3, 32768 bytes)
[    0.334760] NET: Registered protocol family 1
[    0.335881] pci 0000:00:00.0: Limiting direct PCI/PCI transfers
[    0.336918] pci 0000:00:01.0: Activating ISA DMA hang workarounds
[    0.338225] pci 0000:00:02.0: Video device with shadowed ROM at [mem 0x000c0000-0x000dffff]
[    0.339832] Unpacking initramfs...
[    0.568477] Freeing initrd memory: 19144K
[    0.571168] clocksource: tsc: mask: 0xffffffffffffffff max_cycles: 0x22983777dd9, max_idle_ns: 440795300422 ns
[    0.573057] platform rtc_cmos: registered platform RTC device (no PNP device found)
[    0.574372] Scanning for low memory corruption every 60 seconds
[    0.576336] Initialise system trusted keyrings
[    0.577129] Key type blacklist registered
[    0.577947] workingset: timestamp_bits=36 max_order=19 bucket_order=0
[    0.580376] zbud: loaded
[    0.581538] squashfs: version 4.0 (2009/01/31) Phillip Lougher
[    0.583372] fuse init (API version 7.26)
[    0.586697] Key type asymmetric registered
[    0.587557] Asymmetric key parser 'x509' registered
[    0.588525] Block layer SCSI generic (bsg) driver version 0.4 loaded (major 246)
[    0.590038] io scheduler noop registered
[    0.590824] io scheduler deadline registered
[    0.591690] io scheduler cfq registered (default)
[    0.593168] ACPI: AC Adapter [AC] (on-line)
[    0.594289] input: Power Button as /devices/LNXSYSTM:00/LNXPWRBN:00/input/input0
[    0.596199] ACPI: Power Button [PWRF]
[    0.597219] input: Sleep Button as /devices/LNXSYSTM:00/LNXSLPBN:00/input/input1
[    0.598987] ACPI: Sleep Button [SLPF]
[    0.600943] ACPI: Battery Slot [BAT0] (battery present)
[    0.602380] Serial: 8250/16550 driver, 32 ports, IRQ sharing enabled
[    0.625246] 00:02: ttyS0 at I/O 0x3f8 (irq = 4, base_baud = 115200) is a 16550A
[    0.630963] Linux agpgart interface v0.103
[    0.634172] loop: module loaded
[    0.636245] scsi host0: ata_piix
[    0.637362] scsi host1: ata_piix
[    0.638526] ata1: PATA max UDMA/33 cmd 0x1f0 ctl 0x3f6 bmdma 0xd000 irq 14
[    0.640064] ata2: PATA max UDMA/33 cmd 0x170 ctl 0x376 bmdma 0xd008 irq 15
[    0.641769] libphy: Fixed MDIO Bus: probed
[    0.642610] tun: Universal TUN/TAP device driver, 1.6
[    0.643693] PPP generic driver version 2.4.2
[    0.645273] ehci_hcd: USB 2.0 'Enhanced' Host Controller (EHCI) Driver
[    0.646756] ehci-pci: EHCI PCI platform driver
[    0.648098] ehci-platform: EHCI generic platform driver
[    0.649641] ohci_hcd: USB 1.1 'Open' Host Controller (OHCI) Driver
[    0.650835] ohci-pci: OHCI PCI platform driver
[    0.651672] ohci-platform: OHCI generic platform driver
[    0.652657] uhci_hcd: USB Universal Host Controller Interface driver
[    0.653869] i8042: PNP: PS/2 Controller [PNP0303:PS2K,PNP0f03:PS2M] at 0x60,0x64 irq 1,12
[    0.655831] serio: i8042 KBD port at 0x60,0x64 irq 1
[    0.656892] serio: i8042 AUX port at 0x60,0x64 irq 12
[    0.658167] mousedev: PS/2 mouse device common for all mice
[    0.659825] input: AT Translated Set 2 keyboard as /devices/platform/i8042/serio0/input/input2
[    0.661646] rtc_cmos rtc_cmos: rtc core: registered rtc_cmos as rtc0
[    0.662892] rtc_cmos rtc_cmos: alarms up to one day, 114 bytes nvram
[    0.664153] i2c /dev entries driver
[    0.665176] device-mapper: uevent: version 1.0.3
[    0.666325] device-mapper: ioctl: 4.37.0-ioctl (2017-09-20) initialised: dm-devel@redhat.com
[    0.668311] ledtrig-cpu: registered to indicate activity on CPUs
[    0.669978] NET: Registered protocol family 10
[    0.674331] Segment Routing with IPv6
[    0.675232] NET: Registered protocol family 17
[    0.676217] Key type dns_resolver registered
[    0.677252] mce: Using 0 MCE banks
[    0.677926] RAS: Correctable Errors collector initialized.
[    0.679002] sched_clock: Marking stable (677232428, 0)->(841789575, -164557147)
[    0.680668] registered taskstats version 1
[    0.681440] Loading compiled-in X.509 certificates
[    0.684125] Loaded X.509 cert 'Build time autogenerated kernel key: 3a65b6a3c8b5d6b297d77c25be9161529933bc49'
[    0.686017] zswap: loaded using pool lzo/zbud
[    0.690154] Key type big_key registered
[    0.690875] Key type trusted registered
[    0.693038] Key type encrypted registered
[    0.694205] AppArmor: AppArmor sha1 policy hashing enabled
[    0.695179] ima: No TPM chip found, activating TPM-bypass! (rc=-19)
[    0.696534] ima: Allocated hash algorithm: sha1
[    0.697356] evm: HMAC attrs: 0x1
[    0.699147]   Magic number: 7:728:607
[    0.699885] rtc_cmos rtc_cmos: setting system clock to 2019-10-15 00:36:18 UTC (1571099778)
[    0.701949] BIOS EDD facility v0.16 2004-Jun-25, 0 devices found
[    0.703109] EDD information not available.
[    0.803960] Freeing unused kernel image memory: 2436K
[    0.812498] Write protecting the kernel read-only data: 20480k
[    0.815009] Freeing unused kernel image memory: 2008K
[    0.817162] Freeing unused kernel image memory: 1888K
[    0.826685] x86/mm: Checked W+X mappings: passed, no W+X pages found.
[    0.828301] x86/mm: Checking user space page tables
[    0.836561] x86/mm: Checked W+X mappings: passed, no W+X pages found.
Loading, please wait...
starting version 237
[    0.883983] e1000: Intel(R) PRO/1000 Network Driver - version 7.3.21-k8-NAPI
[    0.886150] e1000: Copyright (c) 1999-2006 Intel Corporation.
[    0.900405] Fusion MPT base driver 3.04.20
[    0.901908] Copyright (c) 1999-2008 LSI Corporation
[    0.910426] Fusion MPT SPI Host driver 3.04.20
[    0.913432] AVX2 version of gcm_enc/dec engaged.
[    0.915331] AES CTR mode by8 optimization enabled
[    1.109489] input: ImExPS/2 Generic Explorer Mouse as /devices/platform/i8042/serio1/input/input4
[    1.325361] e1000 0000:00:03.0 eth0: (PCI:33MHz:32-bit) 02:82:7a:7b:51:94
[    1.327360] e1000 0000:00:03.0 eth0: Intel(R) PRO/1000 Network Connection
[    1.736807] e1000 0000:00:08.0 eth1: (PCI:33MHz:32-bit) 08:00:27:e0:3a:da
[    1.738263] e1000 0000:00:08.0 eth1: Intel(R) PRO/1000 Network Connection
[    1.740796] e1000 0000:00:03.0 enp0s3: renamed from eth0
[    1.742676] mptbase: ioc0: Initiating bringup
[    1.756122] e1000 0000:00:08.0 enp0s8: renamed from eth1
[    2.230325] ioc0: LSI53C1030 A0: Capabilities={Initiator}
[    2.666939] scsi host2: ioc0: LSI53C1030 A0, FwRev=00000000h, Ports=1, MaxQ=256, IRQ=20
[    3.276821] scsi 2:0:0:0: Direct-Access     VBOX     HARDDISK         1.0  PQ: 0 ANSI: 5
[    3.315078] scsi target2:0:0: Beginning Domain Validation
[    3.319761] scsi target2:0:0: Domain Validation skipping write tests
[    3.321539] scsi target2:0:0: Ending Domain Validation
[    3.322935] scsi target2:0:0: asynchronous
[    3.324557] scsi 2:0:1:0: Direct-Access     VBOX     HARDDISK         1.0  PQ: 0 ANSI: 5
[    3.590431] scsi target2:0:1: Beginning Domain Validation
[    3.592694] random: fast init done
[    3.593790] scsi target2:0:1: Domain Validation skipping write tests
[    3.595239] scsi target2:0:1: Ending Domain Validation
[    3.596383] scsi target2:0:1: asynchronous
[    3.600877] random: systemd-udevd: uninitialized urandom read (16 bytes read)
[    3.602535] random: systemd-udevd: uninitialized urandom read (16 bytes read)
[    3.604340] random: systemd-udevd: uninitialized urandom read (16 bytes read)
[    3.606197] sd 2:0:0:0: Attached scsi generic sg0 type 0
[    3.607718] sd 2:0:0:0: [sda] 20971520 512-byte logical blocks: (10.7 GB/10.0 GiB)
[    3.607954] sd 2:0:1:0: Attached scsi generic sg1 type 0
[    3.611180] sd 2:0:0:0: [sda] Write Protect is off
[    3.612515] sd 2:0:1:0: [sdb] 20480 512-byte logical blocks: (10.5 MB/10.0 MiB)
[    3.614157] sd 2:0:0:0: [sda] Incomplete mode parameter data
[    3.615364] sd 2:0:0:0: [sda] Assuming drive cache: write through
[    3.617287] sd 2:0:1:0: [sdb] Write Protect is off
[    3.618771] sd 2:0:1:0: [sdb] Incomplete mode parameter data
[    3.619935] sd 2:0:1:0: [sdb] Assuming drive cache: write through
[    3.620674]  sda: sda1
[    3.622623] sd 2:0:0:0: [sda] Attached SCSI disk
[    3.624679] sd 2:0:1:0: [sdb] Attached SCSI disk
Begin: Loading essential drivers ... [    4.980415] raid6: sse2x1   gen() 14224 MB/s
[    5.028061] raid6: sse2x1   xor()  7405 MB/s
[    5.076221] raid6: sse2x2   gen() 17103 MB/s
[    5.124167] raid6: sse2x2   xor() 11200 MB/s
[    5.172535] raid6: sse2x4   gen() 18908 MB/s
[    5.220026] raid6: sse2x4   xor() 11340 MB/s
[    5.268047] raid6: avx2x1   gen() 28883 MB/s
[    5.316021] raid6: avx2x1   xor() 16632 MB/s
[    5.364209] raid6: avx2x2   gen() 33315 MB/s
[    5.412067] raid6: avx2x2   xor() 22263 MB/s
[    5.460205] raid6: avx2x4   gen() 37981 MB/s
[    5.508309] raid6: avx2x4   xor() 21157 MB/s
[    5.510085] raid6: using algorithm avx2x4 gen() 37981 MB/s
[    5.512155] raid6: .... xor() 21157 MB/s, rmw enabled
[    5.514248] raid6: using avx2x2 recovery algorithm
[    5.516197] xor: automatically using best checksumming function   avx       
[    5.518384] async_tx: api initialized (async)
done.
Begin: Running /scripts/init-premount ... done.
Begin: Mounting root file system ... Begin: Running /scripts/local-top ... done.
Begin: Running /scripts/local-premount ... [    5.557920] Btrfs loaded, crc32c=crc32c-intel
Scanning for Btrfs filesystems
done.
Warning: fsck not present, so skipping root file system
[    5.575539] EXT4-fs (sda1): mounted filesystem with ordered data mode. Opts: (null)
done.
Begin: Running /scripts/local-bottom ... done.
Begin: Running /scripts/init-bottom ... done.
[    5.664152] ip_tables: (C) 2000-2006 Netfilter Core Team
[    5.669024] systemd[1]: systemd 237 running in system mode. (+PAM +AUDIT +SELINUX +IMA +APPARMOR +SMACK +SYSVINIT +UTMP +LIBCRYPTSETUP +GCRYPT +GNUTLS +ACL +XZ +LZ4 +SECCOMP +BLKID +ELFUTILS +KMOD -IDN2 +IDN -PCRE2 default-hierarchy=hybrid)
[    5.672693] systemd[1]: Detected virtualization oracle.
[    5.673879] systemd[1]: Detected architecture x86-64.

Welcome to [1mUbuntu 18.04.3 LTS[0m!

[    5.680048] systemd[1]: Set hostname to <ubuntu>.
[    5.682876] systemd[1]: Initializing machine ID from random generator.
[    5.684129] systemd[1]: Installed transient /etc/machine-id file.
[    5.829809] systemd[1]: Started Forward Password Requests to Wall Directory Watch.
[[0;32m  OK  [0m] Started Forward Password Requests to Wall Directory Watch.
[    5.847898] systemd[1]: Created slice System Slice.
[[0;32m  OK  [0m] Created slice System Slice.
[    5.860643] systemd[1]: Listening on Journal Audit Socket.
[[0;32m  OK  [0m] Listening on Journal Audit Socket.
[    5.873022] systemd[1]: Created slice system-serial\x2dgetty.slice.
[[0;32m  OK  [0m] Created slice system-serial\x2dgetty.slice.
[[0;32m  OK  [0m] Reached target User and Group Name Lookups.
[[0;32m  OK  [0m] Reached target Swap.
[[0;32m  OK  [0m] Listening on udev Control Socket.
[[0;32m  OK  [0m] Listening on Syslog Socket.
[[0;32m  OK  [0m] Listening on Journal Socket.
         Starting Load Kernel Modules...
         Starting Uncomplicated firewall...
[    5.938054] Loading iSCSI transport class v2.0-870.
[    5.944451] iscsi: registered transport (tcp)
         Mounting POSIX Message Queue File System...
         Mounting Huge Pages File System...
[    5.957237] iscsi: registered transport (iser)
         Starting Create list of required st…ce nodes for the current kernel...
[[0;32m  OK  [0m] Created slice User and Session Slice.
[[0;32m  OK  [0m] Reached target Slices.
[[0;32m  OK  [0m] Set up automount Arbitrary Executab…rmats File System Automount Point.
         Starting Set the console keyboard layout...
         Starting Remount Root and Kernel File Systems...
[[0;32m  OK  [0m] Listening on Device-mapper event daemon FIFOs.
         Mounting Kernel Debug File System...
[[0;32m  OK  [0m] Listening on LVM2 poll daemon socket.
[    6.002123] EXT4-fs (sda1): re-mounted. Opts: (null)
[[0;32m  OK  [0m] Listening on Journal Socket (/dev/log).
         Starting Journal Service...
[[0;32m  OK  [0m] Listening on LVM2 metadata daemon socket.
         Starting Monitoring of LVM2 mirrors…ng dmeventd or progress polling...
[[0;32m  OK  [0m] Listening on /dev/initctl Compatibility Named Pipe.
[[0;32m  OK  [0m] Reached target System Time Synchronized.
[[0;32m  OK  [0m] Listening on udev Kernel Socket.
         Starting udev Coldplug all Devices...
[[0;32m  OK  [0m] Listening on Network Service Netlink Socket.
[[0;32m  OK  [0m] Started Journal Service.
[[0;32m  OK  [0m] Started Load Kernel Modules.
[[0;32m  OK  [0m] Started Uncomplicated firewall.
[[0;32m  OK  [0m] Mounted POSIX Message Queue File System.
[[0;32m  OK  [0m] Mounted Huge Pages File System.
[[0;32m  OK  [0m] Started Create list of required sta…vice nodes for the current kernel.
[[0;32m  OK  [0m] Started Set the console keyboard layout.
[[0;32m  OK  [0m] Started Remount Root and Kernel File Systems.
[[0;32m  OK  [0m] Mounted Kernel Debug File System.
[[0;32m  OK  [0m] Started LVM2 metadata daemon.
         Starting Load/Save Random Seed...
         Starting Create Static Device Nodes in /dev...
         Mounting FUSE Control File System...
         Starting Apply Kernel Variables...
         Mounting Kernel Configuration File System...
         Starting Flush Journal to Persistent Storage...
[[0;32m  OK  [0m] Mounted Kernel Configuration File System.
[[0;32m  OK  [0m] Mounted FUSE Control File System.
[[0;32m  OK  [0m] Started udev Coldplug all Devices.
[[0;32m  OK  [0m] Started Create Static Device Nodes in /dev.
         Starting udev Kernel Device Manager...
[[0;32m  OK  [0m] Started Monitoring of LVM2 mirrors,…sing dmeventd or progress polling.
[[0;32m  OK  [0m] Reached target Local File Systems (Pre).
[[0;32m  OK  [0m] Reached target Local File Systems.
         Starting Set console font and keymap...
         Starting AppArmor initialization...
         Starting ebtables ruleset management...
         Starting Commit a transient machine-id on disk...
         Starting Tell Plymouth To Write Out Runtime Data...
[[0;32m  OK  [0m] Started Load/Save Random Seed.
[[0;32m  OK  [0m] Started udev Kernel Device Manager.
[[0;32m  OK  [0m] Started Dispatch Password Requests to Console Directory Watch.
[[0;32m  OK  [0m] Reached target Local Encrypted Volumes.
[[0;32m  OK  [0m] Started Apply Kernel Variables.
[[0;32m  OK  [0m] Started Set console font and keymap.
[[0;32m  OK  [0m] Started Tell Plymouth To Write Out Runtime Data.
[[0;32m  OK  [0m] Started Flush Journal to Persistent Storage.
         Starting Create Volatile Files and Directories...
[[0;32m  OK  [0m] Started Commit a transient machine-id on disk.
[[0;32m  OK  [0m] Started Create Volatile Files and Directories.
         Starting Update UTMP about System Boot/Shutdown...
[[0;32m  OK  [0m] Started Update UTMP about System Boot/Shutdown.
[[0;32m  OK  [0m] Started ebtables ruleset management.
[[0;32m  OK  [0m] Found device /dev/ttyS0.
[[0;32m  OK  [0m] Listening on Load/Save RF Kill Switch Status /dev/rfkill Watch.
[[0;32m  OK  [0m] Started AppArmor initialization.
         Starting Initial cloud-init job (pre-networking)...
[    7.461241] cloud-init[541]: Cloud-init v. 19.2-36-g059d049c-0ubuntu1~18.04.1 running 'init-local' at Tue, 15 Oct 2019 00:36:25 +0000. Up 7.21 seconds.
[[0;32m  OK  [0m] Started Initial cloud-init job (pre-networking).
[[0;32m  OK  [0m] Reached target Network (Pre).
         Starting Network Service...
[[0;32m  OK  [0m] Started Network Service.
         Starting Network Name Resolution...
         Starting Wait for Network to be Configured...
[[0;32m  OK  [0m] Started Network Name Resolution.
[[0;32m  OK  [0m] Reached target Host and Network Name Lookups.
[[0;32m  OK  [0m] Reached target Network.
[[0;32m  OK  [0m] Started Wait for Network to be Configured.
         Starting Initial cloud-init job (metadata service crawler)...
[    9.654974] cloud-init[663]: Cloud-init v. 19.2-36-g059d049c-0ubuntu1~18.04.1 running 'init' at Tue, 15 Oct 2019 00:36:27 +0000. Up 9.54 seconds.
[    9.656597] cloud-init[663]: ci-info: ++++++++++++++++++++++++++++++++++++++Net device info+++++++++++++++++++++++++++++++++++++++
[    9.668224] cloud-init[663]: ci-info: +--------+-------+----------------------------+---------------+--------+-------------------+
[    9.669425] cloud-init[663]: ci-info: | Device |   Up  |          Address           |      Mask     | Scope  |     Hw-Address    |
[    9.680193] cloud-init[663]: ci-info: +--------+-------+----------------------------+---------------+--------+-------------------+
[    9.681218] cloud-init[663]: ci-info: | enp0s3 |  True |         10.0.2.15          | 255.255.255.0 | global | 02:82:7a:7b:51:94 |
[    9.682440] cloud-init[663]: ci-info: | enp0s3 |  True | fe80::82:7aff:fe7b:5194/64 |       .       |  link  | 02:82:7a:7b:51:94 |
[    9.683810] cloud-init[663]: ci-info: | enp0s8 | False |             .              |       .       |   .    | 08:00:27:e0:3a:da |
[    9.684868] cloud-init[663]: ci-info: |   lo   |  True |         127.0.0.1          |   255.0.0.0   |  host  |         .         |
[    9.685914] cloud-init[663]: ci-info: |   lo   |  True |          ::1/128           |       .       |  host  |         .         |
[    9.687011] cloud-init[663]: ci-info: +--------+-------+----------------------------+---------------+--------+-------------------+
[    9.696380] cloud-init[663]: ci-info: ++++++++++++++++++++++++++++Route IPv4 info+++++++++++++++++++++++++++++
[    9.708146] cloud-init[663]: ci-info: +-------+-------------+----------+-----------------+-----------+-------+
[    9.709685] cloud-init[663]: ci-info: | Route | Destination | Gateway  |     Genmask     | Interface | Flags |
[    9.711829] cloud-init[663]: ci-info: +-------+-------------+----------+-----------------+-----------+-------+
[    9.713703] cloud-init[663]: ci-info: |   0   |   0.0.0.0   | 10.0.2.2 |     0.0.0.0     |   enp0s3  |   UG  |
[    9.715563] cloud-init[663]: ci-info: |   1   |   10.0.2.0  | 0.0.0.0  |  255.255.255.0  |   enp0s3  |   U   |
[    9.717315] cloud-init[663]: ci-info: |   2   |   10.0.2.2  | 0.0.0.0  | 255.255.255.255 |   enp0s3  |   UH  |
[    9.719166] cloud-init[663]: ci-info: +-------+-------------+----------+-----------------+-----------+-------+
[    9.732187] cloud-init[663]: ci-info: +++++++++++++++++++Route IPv6 info+++++++++++++++++++
[    9.732888] cloud-init[663]: ci-info: +-------+-------------+---------+-----------+-------+
[    9.733600] cloud-init[663]: ci-info: | Route | Destination | Gateway | Interface | Flags |
[    9.734520] cloud-init[663]: ci-info: +-------+-------------+---------+-----------+-------+
[    9.736037] cloud-init[663]: ci-info: |   1   |  fe80::/64  |    ::   |   enp0s3  |   U   |
[    9.756087] cloud-init[663]: ci-info: |   3   |    local    |    ::   |   enp0s3  |   U   |
[    9.768227] cloud-init[663]: ci-info: |   4   |   ff00::/8  |    ::   |   enp0s3  |   U   |
[    9.770946] cloud-init[663]: ci-info: +-------+-------------+---------+-----------+-------+
[   10.136672] cloud-init[663]: Generating public/private rsa key pair.
[   10.137621] cloud-init[663]: Your identification has been saved in /etc/ssh/ssh_host_rsa_key.
[   10.138512] cloud-init[663]: Your public key has been saved in /etc/ssh/ssh_host_rsa_key.pub.
[   10.152498] cloud-init[663]: The key fingerprint is:
[   10.165072] cloud-init[663]: SHA256:yrHUfwpnvNHhTU+0UH4RkhnnhPCSiSzO+CbMjelclqE root@ubuntu-bionic
[   10.165846] cloud-init[663]: The key's randomart image is:
[[   10.176325] [0;32m  OK  [0m] cloud-initStarted Initial cloud-init job (metadata service crawler).[663]: 
+---[RSA 2048]----+
[[   10.188292] cloud-init[663]: |           ..o=*.|
[   10.188368] cloud-init[663]: |        . . ++B .|
[   10.188598] cloud-init[663]: |       . o + o oo|
[   10.188776] cloud-init[663]: |      +..   . ..o|
[0;32m  OK  [0m] Reached target Cloud-config availability.
[   10.188834] cloud-init[663]: |     .o+S   . ...|
[   10.191526] cloud-init[663]: |    oo*+oo o + o |
[   10.192424] cloud-init[663]: |     E+B. * + . .|
[   10.193036] cloud-init[663]: |    o =  + =     |
[[0;32m  OK  [0m[   10.193473] cloud-init[663]: |     o    o      |
[   10.194791] cloud-init[663]: +----[SHA256]-----+
] Reached target System Initialization.
[   10.194860] cloud-init[663]: Generating public/private dsa key pair.
[[   10.197422] cloud-init[663]: Your identification has been saved in /etc/ssh/ssh_host_dsa_key.
[   10.197487] cloud-init[663]: Your public key has been saved in /etc/ssh/ssh_host_dsa_key.pub.
[   10.197788] cloud-init[663]: The key fingerprint is:
[   10.197828] cloud-init[663]: SHA256:+fJGgTX0dfTwDi0i3nJnGkI3ZQVjmDQdyVNtl/CCfmo root@ubuntu-bionic
[   10.198032] cloud-init[663]: The key's randomart image is:
[   10.198728] cloud-init[663]: +---[DSA 1024]----+
[   10.199396] cloud-init[663]: |         ...o*@BB|
[   10.200204] cloud-init[663]: |          o.+**B=|
[   10.200726] cloud-init[663]: |         ooo=.o+=|
[   10.201387] cloud-init[663]: |        .+o+ o.+ |
[   10.202046] cloud-init[663]: |        S +o+.o .|
[   10.202997] cloud-init[663]: |         ..+o=   |
[   10.203633] cloud-init[663]: |        ...E.    |
[   10.204505] cloud-init[663]: |         oo      |
[   10.205138] cloud-init[663]: |         ..      |
[   10.205784] cloud-init[663]: +----[SHA256]-----+
[   10.206422] cloud-init[663]: Generating public/private ecdsa key pair.
[   10.207060] cloud-init[663]: Your identification has been saved in /etc/ssh/ssh_host_ecdsa_key.
[   10.207502] cloud-init[663]: Your public key has been saved in /etc/ssh/ssh_host_ecdsa_key.pub.
[0;32m  OK  [0m] Listening on Open-iSCSI iscsid Socket.
[   10.207597] cloud-init[663]: The key fingerprint is:
[   10.214449] cloud-init[663]: SHA256:MXfSuIdUIwvH7eSw5v51dbuATj5R+TKyV6/MT/NKODg root@ubuntu-bionic
         [   10.224447] Starting LXD - unix socket.cloud-init
[663]: The key's randomart image is:
[   10.236643] cloud-init[663]: +---[ECDSA 256]---+
[   10.236705] cloud-init[663]: |        ..o.o    |
[   10.236773] cloud-init[663]: |         oo*o.   |
[[0;32m  OK  [0m] Listening on ACPID Listen Socket.
[   10.236840] cloud-init[663]: |        o **o .  |
[[   10.238818] [0;32m  OK  [0mcloud-init] [663]: Started Message of the Day.|         =o=oo   |

[[   10.239735] cloud-init[663]: |        Soo o . o|
[   10.239814] cloud-init[663]: |          .=.+ o+|
[0;32m  OK  [0m] Started Discard unused blocks once a week.
[   10.240379] cloud-init[663]: |         .Eo*.*o+|
[   10.253194] cloud-init[663]: |          =+ B.o=|
[   10.253720] cloud-init[663]: |           ++ ==o|
[   10.264285] cloud-init[663]: +----[SHA256]-----+
[   10.264339] cloud-init[663]:          Generating public/private ed25519 key pair.Starting Socket activation for snappy daemon.

[   10.264413] cloud-init[663]: Your identification has been saved in /etc/ssh/ssh_host_ed25519_key.
[[   10.288553] [0;32m  OK  [0mcloud-init] [663]: Started ACPI Events Check.Your public key has been saved in /etc/ssh/ssh_host_ed25519_key.pub.

[[0;32m  OK  [0m[   10.300480] cloud-init[663]: The key fingerprint is:
] [   10.300674] Reached target Paths.cloud-init
[663]: SHA256:i/EonimBLTfc+3+AcYmAID+AKZNdBziDeNgvJmb+hRc root@ubuntu-bionic
[[   10.312227] cloud-init[663]: The key's randomart image is:
[   10.312286] cloud-init[663]: +--[ED25519 256]--+
[   10.312384] cloud-init[663]: |*O +o..          |
[   10.313234] cloud-init[663]: |@oO ..           |
[   10.314883] cloud-init[663]: |.oo+ . . .       |
[0;32m  OK  [0m] Listening on D-Bus System Message Bus Socket.
[   10.315274] cloud-init[663]: |.oo..Eo o        |
[[   10.317774] cloud-init[663]: |+* o. o+S        |
[   10.317848] cloud-init[663]: |o.*..o.=..       |
[   10.318667] cloud-init[663]: | o.o+.o o.       |
[   10.319518] cloud-init[663]: |  .o.+    .      |
[   10.319981] cloud-init[663]: |   .+.....       |
[   10.320856] cloud-init[663]: +----[SHA256]-----+
[0;32m  OK  [0m] Started Daily apt download activities.
[[0;32m  OK  [0m] Started Daily apt upgrade and clean activities.
[[0;32m  OK  [0m] Listening on UUID daemon activation socket.
[[0;32m  OK  [0m] Started Daily Cleanup of Temporary Directories.
[[0;32m  OK  [0m] Reached target Timers.
[[0;32m  OK  [0m] Reached target Network is Online.
         Starting Availability of block devices...
[[0;32m  OK  [0m] Reached target Remote File Systems (Pre).
[[0;32m  OK  [0m] Reached target Remote File Systems.
[[0;32m  OK  [0m] Listening on LXD - unix socket.
[[0;32m  OK  [0m] Listening on Socket activation for snappy daemon.
[[0;32m  OK  [0m] Started Availability of block devices.
[[0;32m  OK  [0m] Reached target Sockets.
[[0;32m  OK  [0m] Reached target Basic System.
[[0;32m  OK  [0m] Started D-Bus System Message Bus.
         Starting Login Service...
[[0;32m  OK  [0m] Started irqbalance daemon.
         Starting Virtualbox guest utils...
         Starting Accounts Service...
         Starting LXD - container startup/shutdown...
         Starting System Logging Service...
[[0;32m  OK  [0m] Started FUSE filesystem for LXC.
         Starting Snappy daemon...
[[0;32m  OK  [0m] Started Deferred execution scheduler.
         Starting Pollinate to seed the pseudo random number generator...
         Starting LSB: automatic crash report generation...
[[0;32m  OK  [0m] Started Regular background program processing daemon.
         Starting Permit User Sessions...
         Starting LSB: Record successful boot for GRUB...
         Starting Dispatcher daemon for systemd-networkd...
[[0;32m  OK  [0m] Started System Logging Service.
[[0;32m  OK  [0m] Started LXD - container startup/shutdown.
[[0;32m  OK  [0m] Started Permit User Sessions.
[[0;32m  OK  [0m] Started Login Service.
         Starting Authorization Manager...
[[0;32m  OK  [0m] Started Unattended Upgrades Shutdown.
         Starting Hold until boot process finishes up...
         Starting Terminate Plymouth Boot Screen...
[[0;32m  OK  [0m] Started Hold until boot process finishes up.
[[0;32m  OK  [0m] Started Terminate Plymouth Boot Screen.
[[0;32m  OK  [0m] Started Authorization Manager.
[[0;32m  OK  [0m] Started Accounts Service.
         Starting Set console scheme...
[[0;32m  OK  [0m] Started Serial Getty on ttyS0.
[[0;32m  OK  [0m] Started LSB: automatic crash report generation.
[[0;32m  OK  [0m] Started Set console scheme.
[[0;32m  OK  [0m] Created slice system-getty.slice.
[[0;32m  OK  [0m] Started Getty on tty1.
[[0;32m  OK  [0m] Reached target Login Prompts.
[[0;32m  OK  [0m] Started LSB: Record successful boot for GRUB.
[[0;32m  OK  [0m] Started Virtualbox guest utils.
[[0;32m  OK  [0m] Started Dispatcher daemon for systemd-networkd.
[[0;32m  OK  [0m] Started Snappy daemon.
         Starting Wait until snapd is fully seeded...
[[0;32m  OK  [0m] Started Pollinate to seed the pseudo random number generator.
         Starting OpenBSD Secure Shell server...
[[0;32m  OK  [0m] Started OpenBSD Secure Shell server.
[[0;32m  OK  [0m] Created slice User Slice of vagrant.
         Starting User Manager for UID 1000...
[[0;32m  OK  [0m] Started Session 1 of user vagrant.
[[0;32m  OK  [0m] Started User Manager for UID 1000.
         Starting Hostname Service...
[[0;32m  OK  [0m] Started Hostname Service.
[[0;32m  OK  [0m] Stopped Wait for Network to be Configured.
         Stopping Wait for Network to be Configured...
         Stopping Network Service...
[[0;32m  OK  [0m] Stopped Network Service.
         Starting Network Service...
[[0;32m  OK  [0m] Started Network Service.
         Starting Wait for Network to be Configured...
[[0;32m  OK  [0m] Started Wait for Network to be Configured.
[[0;32m  OK  [0m] Stopped Wait for Network to be Configured.
         Stopping Network Service...
         Starting Network Service...
[[0;32m  OK  [0m] Started Network Service.

Ubuntu 18.04.3 LTS microk8s-1 ttyS0

microk8s-1 login: [   17.554301] cloud-init[1800]: Cloud-init v. 19.2-36-g059d049c-0ubuntu1~18.04.1 running 'modules:config' at Tue, 15 Oct 2019 00:36:35 +0000. Up 17.30 seconds.
ci-info: no authorized ssh keys fingerprints found for user ubuntu.
<14>Oct 15 00:36:35 ec2: 
<14>Oct 15 00:36:35 ec2: #############################################################
<14>Oct 15 00:36:35 ec2: -----BEGIN SSH HOST KEY FINGERPRINTS-----
<14>Oct 15 00:36:35 ec2: 1024 SHA256:+fJGgTX0dfTwDi0i3nJnGkI3ZQVjmDQdyVNtl/CCfmo root@ubuntu-bionic (DSA)
<14>Oct 15 00:36:35 ec2: 256 SHA256:MXfSuIdUIwvH7eSw5v51dbuATj5R+TKyV6/MT/NKODg root@ubuntu-bionic (ECDSA)
<14>Oct 15 00:36:35 ec2: 256 SHA256:i/EonimBLTfc+3+AcYmAID+AKZNdBziDeNgvJmb+hRc root@ubuntu-bionic (ED25519)
<14>Oct 15 00:36:35 ec2: 2048 SHA256:yrHUfwpnvNHhTU+0UH4RkhnnhPCSiSzO+CbMjelclqE root@ubuntu-bionic (RSA)
<14>Oct 15 00:36:35 ec2: -----END SSH HOST KEY FINGERPRINTS-----
<14>Oct 15 00:36:35 ec2: #############################################################
-----BEGIN SSH HOST KEY KEYS-----
ecdsa-sha2-nistp256 AAAAE2VjZHNhLXNoYTItbmlzdHAyNTYAAAAIbmlzdHAyNTYAAABBBDY0hT1q2vUCVpEWK7zQYW4UV0dhBSHYpI0y3w9Z8MN2b1Nxv4CjVL6w1TuHz41GQYk0jPvrc9WxYpOhsjyIqwo= root@ubuntu-bionic
ssh-ed25519 AAAAC3NzaC1lZDI1NTE5AAAAIMNsizD2JZwm2LOW8mclIdYA2w5+HEryCCXlyRPoL5MD root@ubuntu-bionic
ssh-rsa AAAAB3NzaC1yc2EAAAADAQABAAABAQDWozt292VpzCB79EDvw8cARm0DTeihZu56NLyT3c44MHEHP6EJi5HEd7X7eCoNEYBUeiENCfyaTZjyv/88jHsDw52/Eezyyxf6qJlIUU0qLg1qmnmQgWjTB6Ru+3siNILRoU4bSlcqM5DwreHtH8VoN46awTWsdmqJPeiK+YgWZAMnq6mxv7rbwAJppQ5q/lVoEYsiqqde5KAiqdzMDbiDhyK675+H2k0kCQB9rPfe7s4fBVt2pYzGV1doHeWwpki7/2SKHzanwM+zslx2swSh6mYG6C6hHKHJ9Shrc5K1yF5/uVLHDN2Y/kUhcQKVQrZkANvosNK1rKABUjAmevrb root@ubuntu-bionic
-----END SSH HOST KEY KEYS-----
[   17.943311] cloud-init[1853]: Cloud-init v. 19.2-36-g059d049c-0ubuntu1~18.04.1 running 'modules:final' at Tue, 15 Oct 2019 00:36:35 +0000. Up 17.82 seconds.
[   17.943659] cloud-init[1853]: ci-info: no authorized ssh keys fingerprints found for user ubuntu.
[   17.943745] cloud-init[1853]: Cloud-init v. 19.2-36-g059d049c-0ubuntu1~18.04.1 finished at Tue, 15 Oct 2019 00:36:35 +0000. Datasource DataSourceNoCloud [seed=/dev/sdb][dsmode=net].  Up 17.93 seconds
